<?xml version="1.0" encoding="UTF-8"?>
<!-- Generated by org.testng.reporters.JUnitXMLReporter -->
<testsuite ignored="0" hostname="LAPTOP-3R1PHR1K" failures="1" tests="1" name="Test" time="0.095" errors="0" timestamp="2021-11-02T12:12:38 IST">
  <testcase classname="com.google.in.OpeningGoogle" name="@AfterMethod tearDown" time="0.0">
    <failure type="java.lang.NullPointerException" message="Cannot invoke &amp;quot;com.aventstack.extentreports.ExtentTest.info(String)&amp;quot; because &amp;quot;com.google.in.OpeningGoogle.testlog&amp;quot; is null">
      <![CDATA[java.lang.NullPointerException: Cannot invoke "com.aventstack.extentreports.ExtentTest.info(String)" because "com.google.in.OpeningGoogle.testlog" is null
at com.google.in.OpeningGoogle.tearDown(OpeningGoogle.java:55)
at java.base/java.util.ArrayList.forEach(ArrayList.java:1511)
... Removed 36 stack frames]]>
    </failure>
  </testcase> <!-- @AfterMethod tearDown -->
  <testcase classname="com.google.in.OpeningGoogle" name="execute" time="0.002">
    <failure type="java.lang.NullPointerException" message="Cannot invoke &amp;quot;com.aventstack.extentreports.ExtentTest.createNode(String)&amp;quot; because &amp;quot;com.google.in.OpeningGoogle.testlog&amp;quot; is null">
      <![CDATA[java.lang.NullPointerException: Cannot invoke "com.aventstack.extentreports.ExtentTest.createNode(String)" because "com.google.in.OpeningGoogle.testlog" is null
at com.google.in.OpeningGoogle.execute(OpeningGoogle.java:39)
at java.base/java.util.ArrayList.forEach(ArrayList.java:1511)
... Removed 31 stack frames]]>
    </failure>
  </testcase> <!-- execute -->
</testsuite> <!-- Test -->
