<?xml version="1.0" encoding="UTF-8"?>
<testsuite xmlns:xsi="http://www.w3.org/2001/XMLSchema-instance" xsi:noNamespaceSchemaLocation="https://maven.apache.org/surefire/maven-surefire-plugin/xsd/surefire-test-report-3.0.xsd" version="3.0" name="TestSuite" time="0.384" tests="2" errors="0" skipped="0" failures="2">
  <properties>
[...]
</properties>
  <testcase name="execute" classname="com.google.in.OpeningGoogle" time="0.005">
    <failure message="Cannot invoke &quot;com.aventstack.extentreports.ExtentTest.createNode(String)&quot; because &quot;com.google.in.OpeningGoogle.testlog&quot; is null" type="java.lang.NullPointerException"><![CDATA[java.lang.NullPointerException: Cannot invoke "com.aventstack.extentreports.ExtentTest.createNode(String)" because "com.google.in.OpeningGoogle.testlog" is null
	at com.google.in.OpeningGoogle.execute(OpeningGoogle.java:39)
]]></failure>
  </testcase>
  <testcase name="tearDown" classname="com.google.in.OpeningGoogle" time="0.005">
    <failure message="Cannot invoke &quot;com.aventstack.extentreports.ExtentTest.info(String)&quot; because &quot;com.google.in.OpeningGoogle.testlog&quot; is null" type="java.lang.NullPointerException"><![CDATA[java.lang.NullPointerException: Cannot invoke "com.aventstack.extentreports.ExtentTest.info(String)" because "com.google.in.OpeningGoogle.testlog" is null
	at com.google.in.OpeningGoogle.tearDown(OpeningGoogle.java:55)
]]></failure>
  </testcase>
</testsuite>