<?xml version="1.0" encoding="UTF-8"?>
<testng-results ignored="0" total="1" passed="1" failed="0" skipped="0">
  <reporter-output>
  </reporter-output>
  <suite started-at="2021-11-02T12:17:35 IST" name="Default suite" finished-at="2021-11-02T12:17:43 IST" duration-ms="7666">
    <groups>
    </groups>
    <test started-at="2021-11-02T12:17:35 IST" name="Default test" finished-at="2021-11-02T12:17:43 IST" duration-ms="7666">
      <class name="com.google.in.OpeningGoogle">
        <test-method is-config="true" signature="setUP()[pri:0, instance:com.google.in.OpeningGoogle@3e6ef8ad]" started-at="2021-11-02T12:17:36 IST" name="setUP" finished-at="2021-11-02T12:17:36 IST" duration-ms="108" status="PASS">
          <reporter-output>
          </reporter-output>
        </test-method> <!-- setUP -->
        <test-method signature="execute()[pri:0, instance:com.google.in.OpeningGoogle@3e6ef8ad]" started-at="2021-11-02T12:17:36 IST" name="execute" finished-at="2021-11-02T12:17:43 IST" duration-ms="7428" status="PASS">
          <reporter-output>
          </reporter-output>
        </test-method> <!-- execute -->
        <test-method is-config="true" signature="tearDown()[pri:0, instance:com.google.in.OpeningGoogle@3e6ef8ad]" started-at="2021-11-02T12:17:43 IST" name="tearDown" finished-at="2021-11-02T12:17:43 IST" duration-ms="102" status="PASS">
          <reporter-output>
          </reporter-output>
        </test-method> <!-- tearDown -->
      </class> <!-- com.google.in.OpeningGoogle -->
    </test> <!-- Default test -->
  </suite> <!-- Default suite -->
</testng-results>
